This is pdfTeX, Version 3.141592653-2.6-1.40.23 (TeX Live 2021/W32TeX) (preloaded format=pdflatex 2024.1.7)  25 MAR 2024 17:59
entering extended mode
 restricted \write18 enabled.
 %&-line parsing enabled.
**Uvod-u-R-i-R-Studio.tex
(./Uvod-u-R-i-R-Studio.tex
LaTeX2e <2023-11-01>
L3 programming layer <2024-01-04>
(c:/Users/Korisnik/AppData/Roaming/TinyTeX/texmf-dist/tex/latex/base/book.cls
Document Class: book 2023/05/17 v1.4n Standard LaTeX document class
(c:/Users/Korisnik/AppData/Roaming/TinyTeX/texmf-dist/tex/latex/base/bk10.clo
File: bk10.clo 2023/05/17 v1.4n Standard LaTeX file (size option)
)
\c@part=\count187
\c@chapter=\count188
\c@section=\count189
\c@subsection=\count190
\c@subsubsection=\count191
\c@paragraph=\count192
\c@subparagraph=\count193
\c@figure=\count194
\c@table=\count195
\abovecaptionskip=\skip48
\belowcaptionskip=\skip49
\bibindent=\dimen140
) (c:/Users/Korisnik/AppData/Roaming/TinyTeX/texmf-dist/tex/latex/amsmath/amsmath.sty
Package: amsmath 2023/05/13 v2.17o AMS math features
\@mathmargin=\skip50
For additional information on amsmath, use the `?' option.
(c:/Users/Korisnik/AppData/Roaming/TinyTeX/texmf-dist/tex/latex/amsmath/amstext.sty
Package: amstext 2021/08/26 v2.01 AMS text
(c:/Users/Korisnik/AppData/Roaming/TinyTeX/texmf-dist/tex/latex/amsmath/amsgen.sty
File: amsgen.sty 1999/11/30 v2.0 generic functions
\@emptytoks=\toks17
\ex@=\dimen141
)) (c:/Users/Korisnik/AppData/Roaming/TinyTeX/texmf-dist/tex/latex/amsmath/amsbsy.sty
Package: amsbsy 1999/11/29 v1.2d Bold Symbols
\pmbraise@=\dimen142
) (c:/Users/Korisnik/AppData/Roaming/TinyTeX/texmf-dist/tex/latex/amsmath/amsopn.sty
Package: amsopn 2022/04/08 v2.04 operator names
)
\inf@bad=\count196
LaTeX Info: Redefining \frac on input line 234.
\uproot@=\count197
\leftroot@=\count198
LaTeX Info: Redefining \overline on input line 399.
LaTeX Info: Redefining \colon on input line 410.
\classnum@=\count199
\DOTSCASE@=\count266
LaTeX Info: Redefining \ldots on input line 496.
LaTeX Info: Redefining \dots on input line 499.
LaTeX Info: Redefining \cdots on input line 620.
\Mathstrutbox@=\box51
\strutbox@=\box52
LaTeX Info: Redefining \big on input line 722.
LaTeX Info: Redefining \Big on input line 723.
LaTeX Info: Redefining \bigg on input line 724.
LaTeX Info: Redefining \Bigg on input line 725.
\big@size=\dimen143
LaTeX Font Info:    Redeclaring font encoding OML on input line 743.
LaTeX Font Info:    Redeclaring font encoding OMS on input line 744.
\macc@depth=\count267
LaTeX Info: Redefining \bmod on input line 905.
LaTeX Info: Redefining \pmod on input line 910.
LaTeX Info: Redefining \smash on input line 940.
LaTeX Info: Redefining \relbar on input line 970.
LaTeX Info: Redefining \Relbar on input line 971.
\c@MaxMatrixCols=\count268
\dotsspace@=\muskip16
\c@parentequation=\count269
\dspbrk@lvl=\count270
\tag@help=\toks18
\row@=\count271
\column@=\count272
\maxfields@=\count273
\andhelp@=\toks19
\eqnshift@=\dimen144
\alignsep@=\dimen145
\tagshift@=\dimen146
\tagwidth@=\dimen147
\totwidth@=\dimen148
\lineht@=\dimen149
\@envbody=\toks20
\multlinegap=\skip51
\multlinetaggap=\skip52
\mathdisplay@stack=\toks21
LaTeX Info: Redefining \[ on input line 2953.
LaTeX Info: Redefining \] on input line 2954.
) (c:/Users/Korisnik/AppData/Roaming/TinyTeX/texmf-dist/tex/latex/amsfonts/amssymb.sty
Package: amssymb 2013/01/14 v3.01 AMS font symbols
(c:/Users/Korisnik/AppData/Roaming/TinyTeX/texmf-dist/tex/latex/amsfonts/amsfonts.sty
Package: amsfonts 2013/01/14 v3.01 Basic AMSFonts support
\symAMSa=\mathgroup4
\symAMSb=\mathgroup5
LaTeX Font Info:    Redeclaring math symbol \hbar on input line 98.
LaTeX Font Info:    Overwriting math alphabet `\mathfrak' in version `bold'
(Font)                  U/euf/m/n --> U/euf/b/n on input line 106.
)) (c:/Users/Korisnik/AppData/Roaming/TinyTeX/texmf-dist/tex/latex/lm/lmodern.sty
Package: lmodern 2015/05/01 v1.6.1 Latin Modern Fonts
LaTeX Font Info:    Overwriting symbol font `operators' in version `normal'
(Font)                  OT1/cmr/m/n --> OT1/lmr/m/n on input line 22.
LaTeX Font Info:    Overwriting symbol font `letters' in version `normal'
(Font)                  OML/cmm/m/it --> OML/lmm/m/it on input line 23.
LaTeX Font Info:    Overwriting symbol font `symbols' in version `normal'
(Font)                  OMS/cmsy/m/n --> OMS/lmsy/m/n on input line 24.
LaTeX Font Info:    Overwriting symbol font `largesymbols' in version `normal'
(Font)                  OMX/cmex/m/n --> OMX/lmex/m/n on input line 25.
LaTeX Font Info:    Overwriting symbol font `operators' in version `bold'
(Font)                  OT1/cmr/bx/n --> OT1/lmr/bx/n on input line 26.
LaTeX Font Info:    Overwriting symbol font `letters' in version `bold'
(Font)                  OML/cmm/b/it --> OML/lmm/b/it on input line 27.
LaTeX Font Info:    Overwriting symbol font `symbols' in version `bold'
(Font)                  OMS/cmsy/b/n --> OMS/lmsy/b/n on input line 28.
LaTeX Font Info:    Overwriting symbol font `largesymbols' in version `bold'
(Font)                  OMX/cmex/m/n --> OMX/lmex/m/n on input line 29.
LaTeX Font Info:    Overwriting math alphabet `\mathbf' in version `normal'
(Font)                  OT1/cmr/bx/n --> OT1/lmr/bx/n on input line 31.
LaTeX Font Info:    Overwriting math alphabet `\mathsf' in version `normal'
(Font)                  OT1/cmss/m/n --> OT1/lmss/m/n on input line 32.
LaTeX Font Info:    Overwriting math alphabet `\mathit' in version `normal'
(Font)                  OT1/cmr/m/it --> OT1/lmr/m/it on input line 33.
LaTeX Font Info:    Overwriting math alphabet `\mathtt' in version `normal'
(Font)                  OT1/cmtt/m/n --> OT1/lmtt/m/n on input line 34.
LaTeX Font Info:    Overwriting math alphabet `\mathbf' in version `bold'
(Font)                  OT1/cmr/bx/n --> OT1/lmr/bx/n on input line 35.
LaTeX Font Info:    Overwriting math alphabet `\mathsf' in version `bold'
(Font)                  OT1/cmss/bx/n --> OT1/lmss/bx/n on input line 36.
LaTeX Font Info:    Overwriting math alphabet `\mathit' in version `bold'
(Font)                  OT1/cmr/bx/it --> OT1/lmr/bx/it on input line 37.
LaTeX Font Info:    Overwriting math alphabet `\mathtt' in version `bold'
(Font)                  OT1/cmtt/m/n --> OT1/lmtt/m/n on input line 38.
) (c:/Users/Korisnik/AppData/Roaming/TinyTeX/texmf-dist/tex/generic/iftex/iftex.sty
Package: iftex 2022/02/03 v1.0f TeX engine tests
) (c:/Users/Korisnik/AppData/Roaming/TinyTeX/texmf-dist/tex/latex/base/fontenc.sty
Package: fontenc 2021/04/29 v2.0v Standard LaTeX package
LaTeX Font Info:    Trying to load font information for T1+lmr on input line 112.
(c:/Users/Korisnik/AppData/Roaming/TinyTeX/texmf-dist/tex/latex/lm/t1lmr.fd
File: t1lmr.fd 2015/05/01 v1.6.1 Font defs for Latin Modern
)) (c:/Users/Korisnik/AppData/Roaming/TinyTeX/texmf-dist/tex/latex/base/inputenc.sty
Package: inputenc 2021/02/14 v1.3d Input encoding file
\inpenc@prehook=\toks22
\inpenc@posthook=\toks23
) (c:/Users/Korisnik/AppData/Roaming/TinyTeX/texmf-dist/tex/latex/base/textcomp.sty
Package: textcomp 2020/02/02 v2.0n Standard LaTeX package
) (c:/Users/Korisnik/AppData/Roaming/TinyTeX/texmf-dist/tex/latex/xcolor/xcolor.sty
Package: xcolor 2023/11/15 v3.01 LaTeX color extensions (UK)
(c:/Users/Korisnik/AppData/Roaming/TinyTeX/texmf-dist/tex/latex/graphics-cfg/color.cfg
File: color.cfg 2016/01/02 v1.6 sample color configuration
)
Package xcolor Info: Driver file: pdftex.def on input line 274.
(c:/Users/Korisnik/AppData/Roaming/TinyTeX/texmf-dist/tex/latex/graphics-def/pdftex.def
File: pdftex.def 2022/09/22 v1.2b Graphics/color driver for pdftex
) (c:/Users/Korisnik/AppData/Roaming/TinyTeX/texmf-dist/tex/latex/graphics/mathcolor.ltx)
Package xcolor Info: Model `cmy' substituted by `cmy0' on input line 1350.
Package xcolor Info: Model `hsb' substituted by `rgb' on input line 1354.
Package xcolor Info: Model `RGB' extended on input line 1366.
Package xcolor Info: Model `HTML' substituted by `rgb' on input line 1368.
Package xcolor Info: Model `Hsb' substituted by `hsb' on input line 1369.
Package xcolor Info: Model `tHsb' substituted by `hsb' on input line 1370.
Package xcolor Info: Model `HSB' substituted by `hsb' on input line 1371.
Package xcolor Info: Model `Gray' substituted by `gray' on input line 1372.
Package xcolor Info: Model `wave' substituted by `hsb' on input line 1373.
) (c:/Users/Korisnik/AppData/Roaming/TinyTeX/texmf-dist/tex/latex/hyperref/hyperref.sty
Package: hyperref 2023-11-26 v7.01g Hypertext links for LaTeX
(c:/Users/Korisnik/AppData/Roaming/TinyTeX/texmf-dist/tex/generic/infwarerr/infwarerr.sty
Package: infwarerr 2019/12/03 v1.5 Providing info/warning/error messages (HO)
) (c:/Users/Korisnik/AppData/Roaming/TinyTeX/texmf-dist/tex/latex/graphics/keyval.sty
Package: keyval 2022/05/29 v1.15 key=value parser (DPC)
\KV@toks@=\toks24
) (c:/Users/Korisnik/AppData/Roaming/TinyTeX/texmf-dist/tex/latex/kvsetkeys/kvsetkeys.sty
Package: kvsetkeys 2022-10-05 v1.19 Key value parser (HO)
) (c:/Users/Korisnik/AppData/Roaming/TinyTeX/texmf-dist/tex/generic/kvdefinekeys/kvdefinekeys.sty
Package: kvdefinekeys 2019-12-19 v1.6 Define keys (HO)
) (c:/Users/Korisnik/AppData/Roaming/TinyTeX/texmf-dist/tex/generic/pdfescape/pdfescape.sty
Package: pdfescape 2019/12/09 v1.15 Implements pdfTeX's escape features (HO)
(c:/Users/Korisnik/AppData/Roaming/TinyTeX/texmf-dist/tex/generic/ltxcmds/ltxcmds.sty
Package: ltxcmds 2023-12-04 v1.26 LaTeX kernel commands for general use (HO)
) (c:/Users/Korisnik/AppData/Roaming/TinyTeX/texmf-dist/tex/generic/pdftexcmds/pdftexcmds.sty
Package: pdftexcmds 2020-06-27 v0.33 Utility functions of pdfTeX for LuaTeX (HO)
Package pdftexcmds Info: \pdf@primitive is available.
Package pdftexcmds Info: \pdf@ifprimitive is available.
Package pdftexcmds Info: \pdfdraftmode found.
)) (c:/Users/Korisnik/AppData/Roaming/TinyTeX/texmf-dist/tex/latex/hycolor/hycolor.sty
Package: hycolor 2020-01-27 v1.10 Color options for hyperref/bookmark (HO)
) (c:/Users/Korisnik/AppData/Roaming/TinyTeX/texmf-dist/tex/latex/letltxmacro/letltxmacro.sty
Package: letltxmacro 2019/12/03 v1.6 Let assignment for LaTeX macros (HO)
) (c:/Users/Korisnik/AppData/Roaming/TinyTeX/texmf-dist/tex/latex/auxhook/auxhook.sty
Package: auxhook 2019-12-17 v1.6 Hooks for auxiliary files (HO)
) (c:/Users/Korisnik/AppData/Roaming/TinyTeX/texmf-dist/tex/latex/hyperref/nameref.sty
Package: nameref 2023-11-26 v2.56 Cross-referencing by name of section
(c:/Users/Korisnik/AppData/Roaming/TinyTeX/texmf-dist/tex/latex/refcount/refcount.sty
Package: refcount 2019/12/15 v3.6 Data extraction from label references (HO)
) (c:/Users/Korisnik/AppData/Roaming/TinyTeX/texmf-dist/tex/generic/gettitlestring/gettitlestring.sty
Package: gettitlestring 2019/12/15 v1.6 Cleanup title references (HO)
(c:/Users/Korisnik/AppData/Roaming/TinyTeX/texmf-dist/tex/latex/kvoptions/kvoptions.sty
Package: kvoptions 2022-06-15 v3.15 Key value format for package options (HO)
))
\c@section@level=\count274
) (c:/Users/Korisnik/AppData/Roaming/TinyTeX/texmf-dist/tex/latex/etoolbox/etoolbox.sty
Package: etoolbox 2020/10/05 v2.5k e-TeX tools for LaTeX (JAW)
\etb@tempcnta=\count275
)
\@linkdim=\dimen150
\Hy@linkcounter=\count276
\Hy@pagecounter=\count277
(c:/Users/Korisnik/AppData/Roaming/TinyTeX/texmf-dist/tex/latex/hyperref/pd1enc.def
File: pd1enc.def 2023-11-26 v7.01g Hyperref: PDFDocEncoding definition (HO)
Now handling font encoding PD1 ...
... no UTF-8 mapping file for font encoding PD1
) (c:/Users/Korisnik/AppData/Roaming/TinyTeX/texmf-dist/tex/generic/intcalc/intcalc.sty
Package: intcalc 2019/12/15 v1.3 Expandable calculations with integers (HO)
)
\Hy@SavedSpaceFactor=\count278
(c:/Users/Korisnik/AppData/Roaming/TinyTeX/texmf-dist/tex/latex/hyperref/puenc.def
File: puenc.def 2023-11-26 v7.01g Hyperref: PDF Unicode definition (HO)
Now handling font encoding PU ...
... no UTF-8 mapping file for font encoding PU
)
Package hyperref Info: Option `unicode' set `true' on input line 4064.
Package hyperref Info: Hyper figures OFF on input line 4181.
Package hyperref Info: Link nesting OFF on input line 4186.
Package hyperref Info: Hyper index ON on input line 4189.
Package hyperref Info: Plain pages OFF on input line 4196.
Package hyperref Info: Backreferencing OFF on input line 4201.
Package hyperref Info: Implicit mode ON; LaTeX internals redefined.
Package hyperref Info: Bookmarks ON on input line 4448.
\c@Hy@tempcnt=\count279
(c:/Users/Korisnik/AppData/Roaming/TinyTeX/texmf-dist/tex/latex/url/url.sty
\Urlmuskip=\muskip17
Package: url 2013/09/16  ver 3.4  Verb mode for urls, etc.
)
LaTeX Info: Redefining \url on input line 4786.
\XeTeXLinkMargin=\dimen151
(c:/Users/Korisnik/AppData/Roaming/TinyTeX/texmf-dist/tex/generic/bitset/bitset.sty
Package: bitset 2019/12/09 v1.3 Handle bit-vector datatype (HO)
(c:/Users/Korisnik/AppData/Roaming/TinyTeX/texmf-dist/tex/generic/bigintcalc/bigintcalc.sty
Package: bigintcalc 2019/12/15 v1.5 Expandable calculations on big integers (HO)
))
\Fld@menulength=\count280
\Field@Width=\dimen152
\Fld@charsize=\dimen153
Package hyperref Info: Hyper figures OFF on input line 6065.
Package hyperref Info: Link nesting OFF on input line 6070.
Package hyperref Info: Hyper index ON on input line 6073.
Package hyperref Info: backreferencing OFF on input line 6080.
Package hyperref Info: Link coloring OFF on input line 6085.
Package hyperref Info: Link coloring with OCG OFF on input line 6090.
Package hyperref Info: PDF/A mode OFF on input line 6095.
(c:/Users/Korisnik/AppData/Roaming/TinyTeX/texmf-dist/tex/latex/base/atbegshi-ltx.sty
Package: atbegshi-ltx 2021/01/10 v1.0c Emulation of the original atbegshi
package with kernel methods
)
\Hy@abspage=\count281
\c@Item=\count282
\c@Hfootnote=\count283
)
Package hyperref Info: Driver (autodetected): hpdftex.
(c:/Users/Korisnik/AppData/Roaming/TinyTeX/texmf-dist/tex/latex/hyperref/hpdftex.def
File: hpdftex.def 2023-11-26 v7.01g Hyperref driver for pdfTeX
(c:/Users/Korisnik/AppData/Roaming/TinyTeX/texmf-dist/tex/latex/base/atveryend-ltx.sty
Package: atveryend-ltx 2020/08/19 v1.0a Emulation of the original atveryend package
with kernel methods
)
\Fld@listcount=\count284
\c@bookmark@seq@number=\count285
(c:/Users/Korisnik/AppData/Roaming/TinyTeX/texmf-dist/tex/latex/rerunfilecheck/rerunfilecheck.sty
Package: rerunfilecheck 2022-07-10 v1.10 Rerun checks for auxiliary files (HO)
(c:/Users/Korisnik/AppData/Roaming/TinyTeX/texmf-dist/tex/generic/uniquecounter/uniquecounter.sty
Package: uniquecounter 2019/12/15 v1.4 Provide unlimited unique counter (HO)
)
Package uniquecounter Info: New unique counter `rerunfilecheck' on input line 285.
)
\Hy@SectionHShift=\skip53
) (c:/Users/Korisnik/AppData/Roaming/TinyTeX/texmf-dist/tex/latex/fancyvrb/fancyvrb.sty
Package: fancyvrb 2023/11/06 4.5b verbatim text (tvz,hv)
\FV@CodeLineNo=\count286
\FV@InFile=\read2
\FV@TabBox=\box53
\c@FancyVerbLine=\count287
\FV@StepNumber=\count288
\FV@OutFile=\write3
) (c:/Users/Korisnik/AppData/Roaming/TinyTeX/texmf-dist/tex/latex/framed/framed.sty
Package: framed 2011/10/22 v 0.96: framed or shaded text with page breaks
\OuterFrameSep=\skip54
\fb@frw=\dimen154
\fb@frh=\dimen155
\FrameRule=\dimen156
\FrameSep=\dimen157
) (c:/Users/Korisnik/AppData/Roaming/TinyTeX/texmf-dist/tex/latex/tools/longtable.sty
Package: longtable 2023-11-01 v4.19 Multi-page Table package (DPC)
\LTleft=\skip55
\LTright=\skip56
\LTpre=\skip57
\LTpost=\skip58
\LTchunksize=\count289
\LTcapwidth=\dimen158
\LT@head=\box54
\LT@firsthead=\box55
\LT@foot=\box56
\LT@lastfoot=\box57
\LT@gbox=\box58
\LT@cols=\count290
\LT@rows=\count291
\c@LT@tables=\count292
\c@LT@chunks=\count293
\LT@p@ftn=\toks25
) (c:/Users/Korisnik/AppData/Roaming/TinyTeX/texmf-dist/tex/latex/booktabs/booktabs.sty
Package: booktabs 2020/01/12 v1.61803398 Publication quality tables
\heavyrulewidth=\dimen159
\lightrulewidth=\dimen160
\cmidrulewidth=\dimen161
\belowrulesep=\dimen162
\belowbottomsep=\dimen163
\aboverulesep=\dimen164
\abovetopsep=\dimen165
\cmidrulesep=\dimen166
\cmidrulekern=\dimen167
\defaultaddspace=\dimen168
\@cmidla=\count294
\@cmidlb=\count295
\@aboverulesep=\dimen169
\@belowrulesep=\dimen170
\@thisruleclass=\count296
\@lastruleclass=\count297
\@thisrulewidth=\dimen171
) (c:/Users/Korisnik/AppData/Roaming/TinyTeX/texmf-dist/tex/latex/tools/array.sty
Package: array 2023/10/16 v2.5g Tabular extension package (FMi)
\col@sep=\dimen172
\ar@mcellbox=\box59
\extrarowheight=\dimen173
\NC@list=\toks26
\extratabsurround=\skip59
\backup@length=\skip60
\ar@cellbox=\box60
) (c:/Users/Korisnik/AppData/Roaming/TinyTeX/texmf-dist/tex/latex/tools/calc.sty
Package: calc 2023/07/08 v4.3 Infix arithmetic (KKT,FJ)
\calc@Acount=\count298
\calc@Bcount=\count299
\calc@Adimen=\dimen174
\calc@Bdimen=\dimen175
\calc@Askip=\skip61
\calc@Bskip=\skip62
LaTeX Info: Redefining \setlength on input line 80.
LaTeX Info: Redefining \addtolength on input line 81.
\calc@Ccount=\count300
\calc@Cskip=\skip63
) (c:/Users/Korisnik/AppData/Roaming/TinyTeX/texmf-dist/tex/latex/mdwtools/footnote.sty
Package: footnote 1997/01/28 1.13 Save footnotes around boxes
\fn@notes=\box61
\fn@width=\dimen176
) (c:/Users/Korisnik/AppData/Roaming/TinyTeX/texmf-dist/tex/latex/graphics/graphicx.sty
Package: graphicx 2021/09/16 v1.2d Enhanced LaTeX Graphics (DPC,SPQR)
(c:/Users/Korisnik/AppData/Roaming/TinyTeX/texmf-dist/tex/latex/graphics/graphics.sty
Package: graphics 2022/03/10 v1.4e Standard LaTeX Graphics (DPC,SPQR)
(c:/Users/Korisnik/AppData/Roaming/TinyTeX/texmf-dist/tex/latex/graphics/trig.sty
Package: trig 2021/08/11 v1.11 sin cos tan (DPC)
) (c:/Users/Korisnik/AppData/Roaming/TinyTeX/texmf-dist/tex/latex/graphics-cfg/graphics.cfg
File: graphics.cfg 2016/06/04 v1.11 sample graphics configuration
)
Package graphics Info: Driver file: pdftex.def on input line 107.
)
\Gin@req@height=\dimen177
\Gin@req@width=\dimen178
)
\cslhangindent=\skip64
\csllabelwidth=\skip65
\cslentryspacingunit=\skip66
(c:/Users/Korisnik/AppData/Roaming/TinyTeX/texmf-dist/tex/latex/l3backend/l3backend-pdftex.def
File: l3backend-pdftex.def 2024-01-04 L3 backend support: PDF output (pdfTeX)
\l__color_backend_stack_int=\count301
\l__pdf_internal_box=\box62
) (./Uvod-u-R-i-R-Studio.aux)
\openout1 = `Uvod-u-R-i-R-Studio.aux'.

LaTeX Font Info:    Checking defaults for OML/cmm/m/it on input line 143.
LaTeX Font Info:    ... okay on input line 143.
LaTeX Font Info:    Checking defaults for OMS/cmsy/m/n on input line 143.
LaTeX Font Info:    ... okay on input line 143.
LaTeX Font Info:    Checking defaults for OT1/cmr/m/n on input line 143.
LaTeX Font Info:    ... okay on input line 143.
LaTeX Font Info:    Checking defaults for T1/cmr/m/n on input line 143.
LaTeX Font Info:    ... okay on input line 143.
LaTeX Font Info:    Checking defaults for TS1/cmr/m/n on input line 143.
LaTeX Font Info:    ... okay on input line 143.
LaTeX Font Info:    Checking defaults for OMX/cmex/m/n on input line 143.
LaTeX Font Info:    ... okay on input line 143.
LaTeX Font Info:    Checking defaults for U/cmr/m/n on input line 143.
LaTeX Font Info:    ... okay on input line 143.
LaTeX Font Info:    Checking defaults for PD1/pdf/m/n on input line 143.
LaTeX Font Info:    ... okay on input line 143.
LaTeX Font Info:    Checking defaults for PU/pdf/m/n on input line 143.
LaTeX Font Info:    ... okay on input line 143.
(c:/Users/Korisnik/AppData/Roaming/TinyTeX/texmf-dist/tex/latex/epstopdf-pkg/epstopdf-base.sty
Package: epstopdf-base 2020-01-24 v2.11 Base part for package epstopdf
Package epstopdf-base Info: Redefining graphics rule for `.eps' on input line 485.
(c:/Users/Korisnik/AppData/Roaming/TinyTeX/texmf-dist/tex/latex/latexconfig/epstopdf-sys.cfg
File: epstopdf-sys.cfg 2010/07/13 v1.3 Configuration of (r)epstopdf for TeX Live
))
Package hyperref Info: Link coloring OFF on input line 143.
(./Uvod-u-R-i-R-Studio.out) (./Uvod-u-R-i-R-Studio.out)
\@outlinefile=\write4
\openout4 = `Uvod-u-R-i-R-Studio.out'.

LaTeX Font Info:    Trying to load font information for OT1+lmr on input line 145.
(c:/Users/Korisnik/AppData/Roaming/TinyTeX/texmf-dist/tex/latex/lm/ot1lmr.fd
File: ot1lmr.fd 2015/05/01 v1.6.1 Font defs for Latin Modern
)
LaTeX Font Info:    Trying to load font information for OML+lmm on input line 145.
(c:/Users/Korisnik/AppData/Roaming/TinyTeX/texmf-dist/tex/latex/lm/omllmm.fd
File: omllmm.fd 2015/05/01 v1.6.1 Font defs for Latin Modern
)
LaTeX Font Info:    Trying to load font information for OMS+lmsy on input line 145.
(c:/Users/Korisnik/AppData/Roaming/TinyTeX/texmf-dist/tex/latex/lm/omslmsy.fd
File: omslmsy.fd 2015/05/01 v1.6.1 Font defs for Latin Modern
)
LaTeX Font Info:    Trying to load font information for OMX+lmex on input line 145.
(c:/Users/Korisnik/AppData/Roaming/TinyTeX/texmf-dist/tex/latex/lm/omxlmex.fd
File: omxlmex.fd 2015/05/01 v1.6.1 Font defs for Latin Modern
)
LaTeX Font Info:    External font `lmex10' loaded for size
(Font)              <12> on input line 145.
LaTeX Font Info:    External font `lmex10' loaded for size
(Font)              <8> on input line 145.
LaTeX Font Info:    External font `lmex10' loaded for size
(Font)              <6> on input line 145.
LaTeX Font Info:    Trying to load font information for U+msa on input line 145.
(c:/Users/Korisnik/AppData/Roaming/TinyTeX/texmf-dist/tex/latex/amsfonts/umsa.fd
File: umsa.fd 2013/01/14 v3.01 AMS symbols A
)
LaTeX Font Info:    Trying to load font information for U+msb on input line 145.
(c:/Users/Korisnik/AppData/Roaming/TinyTeX/texmf-dist/tex/latex/amsfonts/umsb.fd
File: umsb.fd 2013/01/14 v3.01 AMS symbols B
) [1


{c:/Users/Korisnik/AppData/Roaming/TinyTeX/texmf-var/fonts/map/pdftex/updmap/pdftex.map}] [2

] (./Uvod-u-R-i-R-Studio.toc
LaTeX Font Info:    External font `lmex10' loaded for size
(Font)              <10> on input line 4.
LaTeX Font Info:    External font `lmex10' loaded for size
(Font)              <7> on input line 4.
LaTeX Font Info:    External font `lmex10' loaded for size
(Font)              <5> on input line 4.
[3] [4] [5])
\tf@toc=\write5
\openout5 = `Uvod-u-R-i-R-Studio.toc'.

[6]
 1.
LaTeX Font Info:    Trying to load font information for TS1+lmr on input line 180.
(c:/Users/Korisnik/AppData/Roaming/TinyTeX/texmf-dist/tex/latex/lm/ts1lmr.fd
File: ts1lmr.fd 2015/05/01 v1.6.1 Font defs for Latin Modern
) [7

] [8

] [9] [10

]
 2.

Underfull \vbox (badness 1184) has occurred while \output is active []

[11] [12]
<Rstudio.png, id=580, 1439.3775pt x 782.925pt>
File: Rstudio.png Graphic file (type png)
<use Rstudio.png>
Package pdftex.def Info: Rstudio.png  used on input line 307.
(pdftex.def)             Requested size: 602.27223pt x 327.59578pt.

Overfull \hbox (257.27223pt too wide) in paragraph at lines 307--308
[][] 
 []

[13 <./Rstudio.png>] [14]
LaTeX Font Info:    Trying to load font information for T1+lmtt on input line 345.
(c:/Users/Korisnik/AppData/Roaming/TinyTeX/texmf-dist/tex/latex/lm/t1lmtt.fd
File: t1lmtt.fd 2015/05/01 v1.6.1 Font defs for Latin Modern
) [15] [16] [17] [18]
 3.
[19

]
Underfull \hbox (badness 3965) in paragraph at lines 470--472
\T1/lmr/m/n/10 omogu¢u-ju¢i jed-nos-tavnu ma-nip-u-laciju i izra£u-na-vanje vre-men-skih
 []

[20] [21] [22]
 4.
[23

] [24

]
 5.
[25] [26

]
 6.
[27]
Overfull \hbox (73.74889pt too wide) in paragraph at lines 677--677
 []\T1/lmtt/m/n/10 print(x, quote = FALSE, max.levels = NULL, width = getOption("width"), ...)[] 
 []

[28] [29] [30]
 7.
[31

] [32]
 8.
[33

] [34]
 9.
[35

] [36]
Overfull \hbox (80.03897pt too wide) has occurred while \output is active
\T1/lmr/m/sl/10 9.3.  KREIRANJE VEKTORA CJELOBROJNIH VRIJEDNOSTI U ZADANOM INTERVALU \T1/lmr/m/n/10 37
 []

[37] [38]
Underfull \hbox (badness 1552) in paragraph at lines 1238--1239
\T1/lmr/bx/n/10 rbinom() \T1/lmr/m/n/10 na bi-nom-noj dis-tribu-ciji, \T1/lmr/bx/n/10 rpois() \T1/lmr/m/n/10 na Pois-sonovoj dis-tribu-ciji,
 []


Overfull \hbox (264.68811pt too wide) has occurred while \output is active
\T1/lmr/m/sl/10 9.6.  KREIRANJE VEKTORA KORISTE‚I TEORIJSKE DISTRIBUCIJE VJEROJATNOSTI/ GENERATOR SLUƒAJNIH BROJEVA \T1/lmr/m/n/10 39
 []

[39] [40]
 10.
[41

] [42] [43] [44] [45] [46]
Overfull \hbox (13.37326pt too wide) has occurred while \output is active
\T1/lmr/m/sl/10 10.9.  IZRAƒUN POKAZATELJA DESKRIPTIVNE STATISTIKE VEKTORA \T1/lmr/m/n/10 47
 []

[47] [48]
Overfull \hbox (13.37326pt too wide) has occurred while \output is active
\T1/lmr/m/sl/10 10.9.  IZRAƒUN POKAZATELJA DESKRIPTIVNE STATISTIKE VEKTORA \T1/lmr/m/n/10 49
 []

[49] [50] [51] [52

]
 11.
[53] [54] [55] [56] [57] [58

]
 12.
[59] [60] [61]
Underfull \hbox (badness 2229) in paragraph at lines 2358--2358
[]\T1/lmr/bx/n/14.4 Filtriranje ma-trice - od-abir el-e-me-nata
 []

[62]
Overfull \hbox (114.41348pt too wide) has occurred while \output is active
\T1/lmr/m/sl/10 12.5.  KREIRANJE MATRICE S PONOVLJENIM VRIJEDNOSTIMA I ZADAVANJE DIJAGONALE \T1/lmr/m/n/10 63
 []

[63] [64] [65] [66] [67] [68]
Overfull \hbox (48.85483pt too wide) has occurred while \output is active
\T1/lmr/m/sl/10 12.11.  PREDNOSTI I NEDOSTACI RADA S MATRICAMA TE NAJƒE’‚E GRE’KE \T1/lmr/m/n/10 69
 []

[69] [70]
Overfull \hbox (48.85483pt too wide) has occurred while \output is active
\T1/lmr/m/sl/10 12.11.  PREDNOSTI I NEDOSTACI RADA S MATRICAMA TE NAJƒE’‚E GRE’KE \T1/lmr/m/n/10 71
 []

[71] [72]
 13.
[73

] [74] [75] [76] [77] [78] [79] [80] [81] [82]
Overfull \hbox (24.41034pt too wide) has occurred while \output is active
\T1/lmr/m/sl/10 13.7.  PREDNOSTI I NEDOSTACI RADA S LISTAMA TE NAJƒE’‚E GRE’KE \T1/lmr/m/n/10 83
 []

[83] [84]
 14.
LaTeX Font Info:    Trying to load font information for TS1+lmtt on input line 3422.
(c:/Users/Korisnik/AppData/Roaming/TinyTeX/texmf-dist/tex/latex/lm/ts1lmtt.fd
File: ts1lmtt.fd 2015/05/01 v1.6.1 Font defs for Latin Modern
) [85

] [86] [87] [88]
 15.

Overfull \hbox (111.74867pt too wide) in paragraph at lines 3552--3552
[]\T1/lmtt/m/n/10 ##  $ Drzava                              : chr  "Croatia" "France" "China" "Italy" ...[] 
 []


Overfull \hbox (95.99872pt too wide) in paragraph at lines 3552--3552
[]\T1/lmtt/m/n/10 ##  $ Broj_turistickih_dolazaka           : num  57668 211998 158606 93229 30816 ...[] 
 []


Overfull \hbox (85.49875pt too wide) in paragraph at lines 3552--3552
[]\T1/lmtt/m/n/10 ##  $ Broj_turistickih_putovanja_(odlazni): num  2980 48069 149720 61195 11043 ...[] 
 []

[89

] [90] [91] [92]
Overfull \hbox (45.9439pt too wide) has occurred while \output is active
\T1/lmr/m/sl/10 15.4.  PODSKUP PODATKOVNOG OKVIRA PREMA KRITERIJU (FILTRIRANJE) \T1/lmr/m/n/10 93
 []

[93] [94] [95] [96] [97] [98] [99]
Overfull \hbox (1.499pt too wide) in paragraph at lines 4139--4139
[]\T1/lmtt/m/n/10 ##  $ Sepal.Width : num  3.5 3 3.2 3.1 3.6 3.9 3.4 3.4 2.9 3.1 ...[] 
 []


Overfull \hbox (11.99896pt too wide) in paragraph at lines 4139--4139
[]\T1/lmtt/m/n/10 ##  $ Petal.Length: num  1.4 1.4 1.3 1.5 1.4 1.7 1.4 1.5 1.4 1.5 ...[] 
 []


Overfull \hbox (11.99896pt too wide) in paragraph at lines 4139--4139
[]\T1/lmtt/m/n/10 ##  $ Petal.Width : num  0.2 0.2 0.2 0.2 0.2 0.4 0.3 0.2 0.2 0.1 ...[] 
 []


Overfull \hbox (116.99866pt too wide) in paragraph at lines 4139--4139
[]\T1/lmtt/m/n/10 ##  $ Species     : Factor w/ 3 levels "setosa","versicolor",..: 1 1 1 1 1 1 1 1 1 1 ...[] 
 []

[100] [101] [102]
Overfull \hbox (123.85478pt too wide) has occurred while \output is active
\T1/lmr/m/sl/10 15.10.  PREDNOSTI I NEDOSTACI RADA S PODATKOVNIM OKVIRIMA TE NAJƒE’‚E GRE’KE \T1/lmr/m/n/10 103
 []

[103] [104]
 16.
[105

] [106] [107] [108]
 17.
[109

] [110] [111] [112] [113] [114

]
 18.
[115] [116] [117] [118] [119] [120

]
 19.
<Uvod-u-R-i-R-Studio_files/figure-latex/unnamed-chunk-224-1.pdf, id=1175, 469.755pt x 325.215pt>
File: Uvod-u-R-i-R-Studio_files/figure-latex/unnamed-chunk-224-1.pdf Graphic file (type pdf)
<use Uvod-u-R-i-R-Studio_files/figure-latex/unnamed-chunk-224-1.pdf>
Package pdftex.def Info: Uvod-u-R-i-R-Studio_files/figure-latex/unnamed-chunk-224-1.pdf  used on input line 4954.
(pdftex.def)             Requested size: 344.997pt x 238.84406pt.
[121 <./Uvod-u-R-i-R-Studio_files/figure-latex/unnamed-chunk-224-1.pdf>]
<Uvod-u-R-i-R-Studio_files/figure-latex/unnamed-chunk-225-1.pdf, id=1186, 469.755pt x 325.215pt>
File: Uvod-u-R-i-R-Studio_files/figure-latex/unnamed-chunk-225-1.pdf Graphic file (type pdf)
<use Uvod-u-R-i-R-Studio_files/figure-latex/unnamed-chunk-225-1.pdf>
Package pdftex.def Info: Uvod-u-R-i-R-Studio_files/figure-latex/unnamed-chunk-225-1.pdf  used on input line 4969.
(pdftex.def)             Requested size: 344.997pt x 238.84406pt.
<Uvod-u-R-i-R-Studio_files/figure-latex/unnamed-chunk-226-1.pdf, id=1187, 469.755pt x 325.215pt>
File: Uvod-u-R-i-R-Studio_files/figure-latex/unnamed-chunk-226-1.pdf Graphic file (type pdf)
<use Uvod-u-R-i-R-Studio_files/figure-latex/unnamed-chunk-226-1.pdf>
Package pdftex.def Info: Uvod-u-R-i-R-Studio_files/figure-latex/unnamed-chunk-226-1.pdf  used on input line 4984.
(pdftex.def)             Requested size: 344.997pt x 238.84406pt.

Underfull \vbox (badness 10000) has occurred while \output is active []

[122 <./Uvod-u-R-i-R-Studio_files/figure-latex/unnamed-chunk-225-1.pdf>]
<Uvod-u-R-i-R-Studio_files/figure-latex/unnamed-chunk-227-1.pdf, id=1198, 469.755pt x 325.215pt>
File: Uvod-u-R-i-R-Studio_files/figure-latex/unnamed-chunk-227-1.pdf Graphic file (type pdf)
<use Uvod-u-R-i-R-Studio_files/figure-latex/unnamed-chunk-227-1.pdf>
Package pdftex.def Info: Uvod-u-R-i-R-Studio_files/figure-latex/unnamed-chunk-227-1.pdf  used on input line 5001.
(pdftex.def)             Requested size: 344.997pt x 238.84406pt.

Underfull \vbox (badness 10000) has occurred while \output is active []

[123 <./Uvod-u-R-i-R-Studio_files/figure-latex/unnamed-chunk-226-1.pdf>]
<Uvod-u-R-i-R-Studio_files/figure-latex/unnamed-chunk-228-1.pdf, id=1209, 469.755pt x 325.215pt>
File: Uvod-u-R-i-R-Studio_files/figure-latex/unnamed-chunk-228-1.pdf Graphic file (type pdf)
<use Uvod-u-R-i-R-Studio_files/figure-latex/unnamed-chunk-228-1.pdf>
Package pdftex.def Info: Uvod-u-R-i-R-Studio_files/figure-latex/unnamed-chunk-228-1.pdf  used on input line 5014.
(pdftex.def)             Requested size: 344.997pt x 238.84406pt.

Underfull \vbox (badness 10000) has occurred while \output is active []

[124 <./Uvod-u-R-i-R-Studio_files/figure-latex/unnamed-chunk-227-1.pdf>]
<Uvod-u-R-i-R-Studio_files/figure-latex/unnamed-chunk-229-1.pdf, id=1221, 469.755pt x 325.215pt>
File: Uvod-u-R-i-R-Studio_files/figure-latex/unnamed-chunk-229-1.pdf Graphic file (type pdf)
<use Uvod-u-R-i-R-Studio_files/figure-latex/unnamed-chunk-229-1.pdf>
Package pdftex.def Info: Uvod-u-R-i-R-Studio_files/figure-latex/unnamed-chunk-229-1.pdf  used on input line 5024.
(pdftex.def)             Requested size: 344.997pt x 238.84406pt.

Underfull \vbox (badness 10000) has occurred while \output is active []

[125 <./Uvod-u-R-i-R-Studio_files/figure-latex/unnamed-chunk-228-1.pdf>]
<Uvod-u-R-i-R-Studio_files/figure-latex/unnamed-chunk-230-1.pdf, id=1232, 469.755pt x 325.215pt>
File: Uvod-u-R-i-R-Studio_files/figure-latex/unnamed-chunk-230-1.pdf Graphic file (type pdf)
<use Uvod-u-R-i-R-Studio_files/figure-latex/unnamed-chunk-230-1.pdf>
Package pdftex.def Info: Uvod-u-R-i-R-Studio_files/figure-latex/unnamed-chunk-230-1.pdf  used on input line 5044.
(pdftex.def)             Requested size: 344.997pt x 238.84406pt.

Underfull \vbox (badness 10000) has occurred while \output is active []

[126 <./Uvod-u-R-i-R-Studio_files/figure-latex/unnamed-chunk-229-1.pdf>] [127 <./Uvod-u-R-i-R-Studio_files/figure-latex/unnamed-chunk-230-1.pdf>]
<Uvod-u-R-i-R-Studio_files/figure-latex/unnamed-chunk-231-1.pdf, id=1254, 469.755pt x 325.215pt>
File: Uvod-u-R-i-R-Studio_files/figure-latex/unnamed-chunk-231-1.pdf Graphic file (type pdf)
<use Uvod-u-R-i-R-Studio_files/figure-latex/unnamed-chunk-231-1.pdf>
Package pdftex.def Info: Uvod-u-R-i-R-Studio_files/figure-latex/unnamed-chunk-231-1.pdf  used on input line 5078.
(pdftex.def)             Requested size: 344.997pt x 238.84406pt.

Underfull \hbox (badness 10000) in paragraph at lines 5078--5080
[][]
 []


Underfull \hbox (badness 1320) in paragraph at lines 5078--5080
\T1/lmr/m/n/10 Nadalje, za vizualno preispi-ti-vanje i stvaranje proc-jene funkcije gus-to¢e
 []

<Uvod-u-R-i-R-Studio_files/figure-latex/unnamed-chunk-232-1.pdf, id=1255, 469.755pt x 325.215pt>
File: Uvod-u-R-i-R-Studio_files/figure-latex/unnamed-chunk-232-1.pdf Graphic file (type pdf)
<use Uvod-u-R-i-R-Studio_files/figure-latex/unnamed-chunk-232-1.pdf>
Package pdftex.def Info: Uvod-u-R-i-R-Studio_files/figure-latex/unnamed-chunk-232-1.pdf  used on input line 5088.
(pdftex.def)             Requested size: 344.997pt x 238.84406pt.

Underfull \vbox (badness 10000) has occurred while \output is active []

[128 <./Uvod-u-R-i-R-Studio_files/figure-latex/unnamed-chunk-231-1.pdf>]
<Uvod-u-R-i-R-Studio_files/figure-latex/unnamed-chunk-233-1.pdf, id=1267, 469.755pt x 325.215pt>
File: Uvod-u-R-i-R-Studio_files/figure-latex/unnamed-chunk-233-1.pdf Graphic file (type pdf)
<use Uvod-u-R-i-R-Studio_files/figure-latex/unnamed-chunk-233-1.pdf>
Package pdftex.def Info: Uvod-u-R-i-R-Studio_files/figure-latex/unnamed-chunk-233-1.pdf  used on input line 5105.
(pdftex.def)             Requested size: 344.997pt x 238.84406pt.

Underfull \vbox (badness 10000) has occurred while \output is active []

[129 <./Uvod-u-R-i-R-Studio_files/figure-latex/unnamed-chunk-232-1.pdf>] [130 <./Uvod-u-R-i-R-Studio_files/figure-latex/unnamed-chunk-233-1.pdf>]
<Uvod-u-R-i-R-Studio_files/figure-latex/unnamed-chunk-234-1.pdf, id=1290, 469.755pt x 325.215pt>
File: Uvod-u-R-i-R-Studio_files/figure-latex/unnamed-chunk-234-1.pdf Graphic file (type pdf)
<use Uvod-u-R-i-R-Studio_files/figure-latex/unnamed-chunk-234-1.pdf>
Package pdftex.def Info: Uvod-u-R-i-R-Studio_files/figure-latex/unnamed-chunk-234-1.pdf  used on input line 5152.
(pdftex.def)             Requested size: 344.997pt x 238.84406pt.
[131 <./Uvod-u-R-i-R-Studio_files/figure-latex/unnamed-chunk-234-1.pdf>]
<Uvod-u-R-i-R-Studio_files/figure-latex/unnamed-chunk-235-1.pdf, id=1306, 469.755pt x 325.215pt>
File: Uvod-u-R-i-R-Studio_files/figure-latex/unnamed-chunk-235-1.pdf Graphic file (type pdf)
<use Uvod-u-R-i-R-Studio_files/figure-latex/unnamed-chunk-235-1.pdf>
Package pdftex.def Info: Uvod-u-R-i-R-Studio_files/figure-latex/unnamed-chunk-235-1.pdf  used on input line 5179.
(pdftex.def)             Requested size: 344.997pt x 238.84406pt.
<Uvod-u-R-i-R-Studio_files/figure-latex/unnamed-chunk-236-1.pdf, id=1307, 469.755pt x 325.215pt>
File: Uvod-u-R-i-R-Studio_files/figure-latex/unnamed-chunk-236-1.pdf Graphic file (type pdf)
<use Uvod-u-R-i-R-Studio_files/figure-latex/unnamed-chunk-236-1.pdf>
Package pdftex.def Info: Uvod-u-R-i-R-Studio_files/figure-latex/unnamed-chunk-236-1.pdf  used on input line 5193.
(pdftex.def)             Requested size: 344.997pt x 238.84406pt.

Underfull \vbox (badness 10000) has occurred while \output is active []

[132 <./Uvod-u-R-i-R-Studio_files/figure-latex/unnamed-chunk-235-1.pdf>]
Overfull \hbox (67.32648pt too wide) has occurred while \output is active
\T1/lmr/m/sl/10 19.1.  PREDNOSTI I NEDOSTACI VIZUALIZACIJA U R-U TE NAJƒE’‚E POGRE’KE \T1/lmr/m/n/10 133
 []

[133 <./Uvod-u-R-i-R-Studio_files/figure-latex/unnamed-chunk-236-1.pdf>] [134]
 20.

Overfull \hbox (116.99866pt too wide) in paragraph at lines 5264--5264
[]\T1/lmtt/m/n/10 - "If" se koristi za ispitivanje uvjeta te izvr²avanje koda ako je uvjet istinit (TRUE).[] 
 []


Overfull \hbox (95.99872pt too wide) in paragraph at lines 5275--5275
[]\T1/lmtt/m/n/10 - "Ifelse" nije petlja, ve¢ vektorizirana funkcija koja omogu¢ava ispitivanje uvjeta[] 
 []


Overfull \hbox (48.74886pt too wide) in paragraph at lines 5275--5275
[]\T1/lmtt/m/n/10 i vra¢a jednu vrijednost ako je uvjet istinit, a drugu vrijednost ako nije.[] 
 []

[135

] [136] [137]
LaTeX Font Info:    Font shape `T1/lmtt/bx/n' in size <10> not available
(Font)              Font shape `T1/lmtt/b/n' tried instead on input line 5390.
[138] [139] [140] [141]
Overfull \hbox (153.74855pt too wide) in paragraph at lines 5606--5606
[]\T1/lmtt/m/n/10 ## [1] "Oluje kategorije 5, prosje£no doseºu  918.172413793103 milibara tlaka zraka u sredi²tu"[] 
 []

[142] [143] [144] [145]
Overfull \hbox (153.74855pt too wide) in paragraph at lines 5809--5809
[]\T1/lmtt/m/n/10 - Smanjuje potrebu za dugim if-else if lancima, £ine¢i kod preglednijim i lak²im za odrºavanje.[] 
 []


Overfull \hbox (122.24864pt too wide) in paragraph at lines 5809--5809
[]\T1/lmtt/m/n/10 - Olak²ava upravljanje vi²estrukim grananjima izvr²avanja temeljenim na jednoj varijabli.[] 
 []


Overfull \hbox (1.499pt too wide) in paragraph at lines 5809--5809
[]\T1/lmtt/m/n/10 - Pomaºe u o£uvanju performansi koda u scenarijima s mnogo uvjeta.[] 
 []

[146]

LaTeX Warning: Command \texttimes invalid in math mode on input line 5828.


LaTeX Warning: Command \texttimes invalid in math mode on input line 5828.


LaTeX Warning: Command \texttimes invalid in math mode on input line 5828.


LaTeX Warning: Command \texttimes invalid in math mode on input line 5828.


LaTeX Warning: Command \texttimes invalid in math mode on input line 5828.


LaTeX Warning: Command \texttimes invalid in math mode on input line 5828.


LaTeX Warning: Command \texttimes invalid in math mode on input line 5828.


LaTeX Warning: Command \texttimes invalid in math mode on input line 5828.

[147] [148

]
 21.
[149] [150]
Overfull \hbox (6.38902pt too wide) in paragraph at lines 5974--5976
[]\T1/lmr/m/n/10 Funkcija se moºe poz-vati s dva bro-jna ar-gu-menta, npr., zbroj_i_proizvod(4,
 []

[151] [152] [153] [154

]
 22.
[155] [156]
 23.
[157

] [158] [159] [160] [161] [162]
Overfull \hbox (38.24889pt too wide) in paragraph at lines 6467--6467
[]\T1/lmtt/m/n/10 ##  $ ime       : chr  "Luke Skywalker" "C-3PO" "R2-D2" "Darth Vader" ...[] 
 []


Overfull \hbox (6.74898pt too wide) in paragraph at lines 6467--6467
[]\T1/lmtt/m/n/10 ##  $ planet    : chr  "Tatooine" "Tatooine" "Naboo" "Tatooine" ...[] 
 []

[163] [164] [165]
Underfull \vbox (badness 10000) has occurred while \output is active []

[166] [167]
<Uvod-u-R-i-R-Studio_files/figure-latex/unnamed-chunk-287-1.pdf, id=1493, 469.755pt x 325.215pt>
File: Uvod-u-R-i-R-Studio_files/figure-latex/unnamed-chunk-287-1.pdf Graphic file (type pdf)
<use Uvod-u-R-i-R-Studio_files/figure-latex/unnamed-chunk-287-1.pdf>
Package pdftex.def Info: Uvod-u-R-i-R-Studio_files/figure-latex/unnamed-chunk-287-1.pdf  used on input line 6726.
(pdftex.def)             Requested size: 344.997pt x 238.84406pt.

Underfull \vbox (badness 10000) has occurred while \output is active []

[168]
Overfull \hbox (85.49875pt too wide) in paragraph at lines 6748--6748
[]\T1/lmtt/m/n/10 ##  $ ime       : chr  "Ackbar" "Adi Gallia" "Anakin Skywalker" "Arvel Crynyd" ...[] 
 []


Overfull \hbox (22.49893pt too wide) in paragraph at lines 6748--6748
[]\T1/lmtt/m/n/10 ##  $ vrsta     : chr  "Mon Calamari" "Tholothian" "Human" "Human" ...[] 
 []

[169 <./Uvod-u-R-i-R-Studio_files/figure-latex/unnamed-chunk-287-1.pdf>] [170] [171] [172]
 24.
[173

] [174]
 25.

Overfull \hbox (2.22221pt too wide) in paragraph at lines 6928--6931
[] []
 []


Underfull \hbox (badness 10000) in paragraph at lines 6928--6931

 []


Overfull \hbox (2.22221pt too wide) in paragraph at lines 6932--6935
[][] []
 []


Underfull \hbox (badness 10000) in paragraph at lines 6932--6935

 []


Overfull \hbox (2.22221pt too wide) in paragraph at lines 6936--6939
[][] []
 []


Underfull \hbox (badness 10000) in paragraph at lines 6936--6939

 []


Overfull \hbox (2.22221pt too wide) in paragraph at lines 6940--6943
[][] []
 []


Underfull \hbox (badness 10000) in paragraph at lines 6940--6943

 []


Overfull \hbox (2.22221pt too wide) in paragraph at lines 6944--6947
[][] []
 []


Underfull \hbox (badness 10000) in paragraph at lines 6944--6947

 []


Overfull \hbox (2.22221pt too wide) in paragraph at lines 6948--6951
[][] []
 []


Underfull \hbox (badness 10000) in paragraph at lines 6948--6951

 []


Overfull \hbox (2.22221pt too wide) in paragraph at lines 6952--6955
[][] []
 []


Underfull \hbox (badness 10000) in paragraph at lines 6952--6955

 []


Overfull \hbox (2.22221pt too wide) in paragraph at lines 6956--6959
[][] []
 []


Underfull \hbox (badness 10000) in paragraph at lines 6956--6959

 []


Overfull \hbox (2.22221pt too wide) in paragraph at lines 6960--6963
[][] []
 []


Underfull \hbox (badness 10000) in paragraph at lines 6960--6963

 []


Overfull \hbox (2.22221pt too wide) in paragraph at lines 6964--6967
[][] []
 []


Underfull \hbox (badness 10000) in paragraph at lines 6964--6967

 []


Overfull \hbox (2.22221pt too wide) in paragraph at lines 6968--6971
[][] []
 []


Underfull \hbox (badness 10000) in paragraph at lines 6968--6971

 []


Overfull \hbox (2.22221pt too wide) in paragraph at lines 6972--6975
[][] []
 []


Underfull \hbox (badness 10000) in paragraph at lines 6972--6975

 []

[175

]
Overfull \hbox (2.22221pt too wide) in paragraph at lines 6976--6979
[][] []
 []


Underfull \hbox (badness 10000) in paragraph at lines 6976--6979

 []


Overfull \hbox (2.22221pt too wide) in paragraph at lines 6980--6983
[][] []
 []


Underfull \hbox (badness 10000) in paragraph at lines 6980--6983

 []


Overfull \hbox (2.22221pt too wide) in paragraph at lines 6984--6987
[][] []
 []


Underfull \hbox (badness 10000) in paragraph at lines 6984--6987

 []


Overfull \hbox (2.22221pt too wide) in paragraph at lines 6988--6991
[][] []
 []


Underfull \hbox (badness 10000) in paragraph at lines 6988--6991

 []


Overfull \hbox (2.22221pt too wide) in paragraph at lines 6992--6995
[][] []
 []


Underfull \hbox (badness 10000) in paragraph at lines 6992--6995

 []


Overfull \hbox (2.22221pt too wide) in paragraph at lines 6996--6999
[][] []
 []


Underfull \hbox (badness 10000) in paragraph at lines 6996--6999

 []


Overfull \hbox (2.22221pt too wide) in paragraph at lines 7000--7003
[][] []
 []


Underfull \hbox (badness 10000) in paragraph at lines 7000--7003

 []


Overfull \hbox (2.22221pt too wide) in paragraph at lines 7004--7007
[][] []
 []


Underfull \hbox (badness 10000) in paragraph at lines 7004--7007

 []

[176] (./Uvod-u-R-i-R-Studio.aux)
 ***********
LaTeX2e <2023-11-01>
L3 programming layer <2024-01-04>
 ***********
Package rerunfilecheck Info: File `Uvod-u-R-i-R-Studio.out' has not changed.
(rerunfilecheck)             Checksum: CC19D73AD00159F37184B0E375508CDE;19417.
 ) 
Here is how much of TeX's memory you used:
 11970 strings out of 476131
 192977 string characters out of 5793008
 1954528 words of memory out of 5000000
 33387 multiletter control sequences out of 15000+600000
 628872 words of font info for 87 fonts, out of 8000000 for 9000
 14 hyphenation exceptions out of 8191
 75i,6n,79p,1208b,595s stack positions out of 10000i,1000n,20000p,200000b,80000s
{c:/Users/Korisnik/AppData/Roaming/TinyTeX/texmf-dist/fonts/enc/dvips/lm/lm-ts1.enc}{c:/Users/Korisnik/AppData/Roaming/TinyTeX/texmf-dist/fonts/enc/dvips/lm/lm-ec.enc}{c:/Users/Korisnik/AppData/Roaming/TinyTeX/texmf-dist/fonts/enc/dvips/lm/lm-mathit.enc}{c:/Users/Korisnik/AppData/Roaming/TinyTeX/texmf-dist/fonts/enc/dvips/lm/lm-rm.enc}{c:/Users/Korisnik/AppData/Roaming/TinyTeX/texmf-dist/fonts/enc/dvips/lm/lm-mathsy.enc}<c:/Users/Korisnik/AppData/Roaming/TinyTeX/texmf-dist/fonts/type1/public/lm/lmbx10.pfb><c:/Users/Korisnik/AppData/Roaming/TinyTeX/texmf-dist/fonts/type1/public/lm/lmbx12.pfb><c:/Users/Korisnik/AppData/Roaming/TinyTeX/texmf-dist/fonts/type1/public/lm/lmbxi10.pfb><c:/Users/Korisnik/AppData/Roaming/TinyTeX/texmf-dist/fonts/type1/public/lm/lmmi10.pfb><c:/Users/Korisnik/AppData/Roaming/TinyTeX/texmf-dist/fonts/type1/public/lm/lmr10.pfb><c:/Users/Korisnik/AppData/Roaming/TinyTeX/texmf-dist/fonts/type1/public/lm/lmr12.pfb><c:/Users/Korisnik/AppData/Roaming/TinyTeX/texmf-dist/fonts/type1/public/lm/lmr17.pfb><c:/Users/Korisnik/AppData/Roaming/TinyTeX/texmf-dist/fonts/type1/public/lm/lmri10.pfb><c:/Users/Korisnik/AppData/Roaming/TinyTeX/texmf-dist/fonts/type1/public/lm/lmro10.pfb><c:/Users/Korisnik/AppData/Roaming/TinyTeX/texmf-dist/fonts/type1/public/lm/lmsy10.pfb><c:/Users/Korisnik/AppData/Roaming/TinyTeX/texmf-dist/fonts/type1/public/lm/lmtk10.pfb><c:/Users/Korisnik/AppData/Roaming/TinyTeX/texmf-dist/fonts/type1/public/lm/lmtt10.pfb><c:/Users/Korisnik/AppData/Roaming/TinyTeX/texmf-dist/fonts/type1/public/lm/lmtti10.pfb>
Output written on Uvod-u-R-i-R-Studio.pdf (176 pages, 753267 bytes).
PDF statistics:
 1742 PDF objects out of 2073 (max. 8388607)
 1490 compressed objects within 15 object streams
 443 named destinations out of 1000 (max. 500000)
 868 words of extra memory for PDF output out of 10000 (max. 10000000)

